current directory: /home/felipeyuuki/spa/th-mysql-lib/gems/mysql2-0.4.4/ext/mysql2
/home/felipeyuuki/.rvm/rubies/ruby-2.3.0/bin/ruby -r ./siteconf20160420-22584-g2ll2p.rb extconf.rb
checking for ruby/thread.h... yes
checking for rb_thread_call_without_gvl() in ruby/thread.h... yes
checking for rb_thread_blocking_region()... no
checking for rb_wait_for_single_fd()... yes
checking for rb_hash_dup()... yes
checking for rb_intern3()... yes
checking for mysql_query() in -lmysqlclient... no
-----
mysql client is missing. You may need to 'apt-get install libmysqlclient-dev' or 'yum install mysql-devel', and try again.
-----
*** extconf.rb failed ***
Could not create Makefile due to some reason, probably lack of necessary
libraries and/or headers.  Check the mkmf.log file for more details.  You may
need configuration options.

Provided configuration options:
	--with-opt-dir
	--without-opt-dir
	--with-opt-include
	--without-opt-include=${opt-dir}/include
	--with-opt-lib
	--without-opt-lib=${opt-dir}/lib
	--with-make-prog
	--without-make-prog
	--srcdir=.
	--curdir
	--ruby=/home/felipeyuuki/.rvm/rubies/ruby-2.3.0/bin/$(RUBY_BASE_NAME)
	--with-mysql-dir
	--without-mysql-dir
	--with-mysql-include
	--without-mysql-include=${mysql-dir}/include
	--with-mysql-lib
	--without-mysql-lib=${mysql-dir}/lib
	--with-mysql-config
	--without-mysql-config
	--with-mysql-dir
	--without-mysql-dir
	--with-mysql-include
	--without-mysql-include=${mysql-dir}/include
	--with-mysql-lib
	--without-mysql-lib=${mysql-dir}/lib
	--with-mysqlclientlib
	--without-mysqlclientlib

To see why this extension failed to compile, please check the mkmf.log which can be found here:

  /home/felipeyuuki/spa/th-mysql-lib/extensions/x86-linux/2.3.0/mysql2-0.4.4/mkmf.log

extconf failed, exit code 1
